<?xml version="1.0" encoding="UTF-8"?>
<!-- Generated by org.testng.reporters.JUnitReportReporter -->
<testsuite hostname="DESKTOP-Q6AMT1E" failures="0" tests="1" name="TestngAssersion.SoftAssertion_Example" time="84.465" errors="0" timestamp="2023-01-06T22:26:03 IST" skipped="0">
  <testcase classname="TestngAssersion.SoftAssertion_Example" name="Loginpage" time="84.465"/>
  <system-out/>
</testsuite> <!-- TestngAssersion.SoftAssertion_Example -->
