<?xml version="1.0" encoding="UTF-8"?>
<!-- Generated by org.testng.reporters.JUnitReportReporter -->
<testsuite hostname="DESKTOP-Q6AMT1E" failures="0" tests="2" name="ParallelTesting.Test2" time="12.752" errors="0" timestamp="2023-01-06T22:26:03 IST" skipped="0">
  <testcase classname="ParallelTesting.Test2" name="Link1" time="7.001"/>
  <system-out/>
  <testcase classname="ParallelTesting.Test2" name="Link" time="5.751"/>
  <system-out/>
</testsuite> <!-- ParallelTesting.Test2 -->
