<?xml version="1.0" encoding="UTF-8"?>
<!-- Generated by org.testng.reporters.JUnitReportReporter -->
<testsuite hostname="DESKTOP-Q6AMT1E" failures="0" tests="1" name="TestNGKeywords.Keyword7_Exception" time="0.008" errors="0" timestamp="2023-01-06T22:26:03 IST" skipped="0">
  <testcase classname="TestNGKeywords.Keyword7_Exception" name="infiniteforloop" time="0.008"/>
  <system-out/>
</testsuite> <!-- TestNGKeywords.Keyword7_Exception -->
