<?xml version="1.0" encoding="UTF-8"?>
<!-- Generated by org.testng.reporters.JUnitReportReporter -->
<testsuite hostname="DESKTOP-Q6AMT1E" failures="0" tests="4" name="TestNGKeywords.Keyword3_DependsOn" time="0.025" errors="0" timestamp="2023-01-13T20:11:22 IST" skipped="0">
  <testcase classname="TestNGKeywords.Keyword3_DependsOn" name="LoginTest" time="0.019"/>
  <system-out/>
  <testcase classname="TestNGKeywords.Keyword3_DependsOn" name="Refreshpage" time="0.002"/>
  <system-out/>
  <testcase classname="TestNGKeywords.Keyword3_DependsOn" name="Searchpage" time="0.002"/>
  <system-out/>
  <testcase classname="TestNGKeywords.Keyword3_DependsOn" name="Users" time="0.002"/>
  <system-out/>
</testsuite> <!-- TestNGKeywords.Keyword3_DependsOn -->
