<?xml version="1.0" encoding="UTF-8"?>
<!-- Generated by org.testng.reporters.JUnitReportReporter -->
<testsuite hostname="DESKTOP-Q6AMT1E" failures="0" tests="2" name="Crossbrowser_Parallel.CrossbrowserWithParallelTesting" time="48.911" errors="0" timestamp="2023-01-08T23:41:16 IST" skipped="0">
  <testcase classname="Crossbrowser_Parallel.CrossbrowserWithParallelTesting" name="Test1" time="23.179"/>
  <system-out/>
  <testcase classname="Crossbrowser_Parallel.CrossbrowserWithParallelTesting" name="Test1" time="25.732"/>
  <system-out/>
</testsuite> <!-- Crossbrowser_Parallel.CrossbrowserWithParallelTesting -->
