<?xml version="1.0" encoding="UTF-8"?>
<!-- Generated by org.testng.reporters.JUnitReportReporter -->
<testsuite hostname="DESKTOP-Q6AMT1E" failures="0" tests="1" name="TestngAssersion.AssertionExample1" time="0.001" errors="0" timestamp="2023-01-06T22:26:03 IST" skipped="0">
  <testcase classname="TestngAssersion.AssertionExample1" name="test1" time="0.001"/>
  <system-out/>
</testsuite> <!-- TestngAssersion.AssertionExample1 -->
