<?xml version="1.0" encoding="UTF-8"?>
<!-- Generated by org.testng.reporters.JUnitReportReporter -->
<testsuite hostname="DESKTOP-Q6AMT1E" failures="0" tests="1" name="TestngAssersion.HardAssertion_Example" time="96.363" errors="0" timestamp="2023-01-06T22:26:03 IST" skipped="0">
  <testcase classname="TestngAssersion.HardAssertion_Example" name="OrangeHRM" time="96.363"/>
  <system-out/>
</testsuite> <!-- TestngAssersion.HardAssertion_Example -->
