<?xml version="1.0" encoding="UTF-8"?>
<!-- Generated by org.testng.reporters.JUnitReportReporter -->
<testsuite hostname="DESKTOP-Q6AMT1E" failures="0" tests="2" name="Practice.ParallelTesting" time="34.760" errors="0" timestamp="2023-01-24T20:15:53 IST" skipped="0">
  <testcase classname="Practice.ParallelTesting" name="Link1" time="17.380"/>
  <system-out/>
  <testcase classname="Practice.ParallelTesting" name="Link" time="17.380"/>
  <system-out/>
</testsuite> <!-- Practice.ParallelTesting -->
