<?xml version="1.0" encoding="UTF-8"?>
<!-- Generated by org.testng.reporters.JUnitReportReporter -->
<testsuite hostname="DESKTOP-Q6AMT1E" failures="0" tests="4" name="Testng_DataProvider.DataProvider2" time="9.186" errors="0" timestamp="2023-01-10T13:53:13 IST" skipped="0">
  <testcase classname="Testng_DataProvider.DataProvider2" name="NopcommerceLogin" time="0.955"/>
  <system-out/>
  <testcase classname="Testng_DataProvider.DataProvider2" name="NopcommerceLogin" time="0.890"/>
  <system-out/>
  <testcase classname="Testng_DataProvider.DataProvider2" name="NopcommerceLogin" time="6.414"/>
  <system-out/>
  <testcase classname="Testng_DataProvider.DataProvider2" name="NopcommerceLogin" time="0.927"/>
  <system-out/>
</testsuite> <!-- Testng_DataProvider.DataProvider2 -->
