<?xml version="1.0" encoding="UTF-8"?>
<!-- Generated by org.testng.reporters.JUnitReportReporter -->
<testsuite hostname="DESKTOP-Q6AMT1E" failures="0" tests="5" name="TestNGKeywords.Keyword2_Priority" time="52.557" errors="0" timestamp="2023-01-06T22:26:03 IST" skipped="0">
  <testcase classname="TestNGKeywords.Keyword2_Priority" name="Logo" time="8.406"/>
  <system-out/>
  <testcase classname="TestNGKeywords.Keyword2_Priority" name="Register" time="13.297"/>
  <system-out/>
  <testcase classname="TestNGKeywords.Keyword2_Priority" name="Login" time="9.695"/>
  <system-out/>
  <testcase classname="TestNGKeywords.Keyword2_Priority" name="Wishlist" time="10.386"/>
  <system-out/>
  <testcase classname="TestNGKeywords.Keyword2_Priority" name="Shoppingcart" time="10.773"/>
  <system-out/>
</testsuite> <!-- TestNGKeywords.Keyword2_Priority -->
