<?xml version="1.0" encoding="UTF-8"?>
<!-- Generated by org.testng.reporters.JUnitReportReporter -->
<testsuite hostname="DESKTOP-Q6AMT1E" failures="0" tests="12" name="TestNGKeywords.Keyword5_InvocationCount" time="0.053" errors="0" timestamp="2023-01-03T19:36:49 IST" skipped="2">
  <testcase classname="TestNGKeywords.Keyword5_InvocationCount" name="Demo" time="0.019"/>
  <system-out/>
  <testcase classname="TestNGKeywords.Keyword5_InvocationCount" name="Demo" time="0.002"/>
  <system-out/>
  <testcase classname="TestNGKeywords.Keyword5_InvocationCount" name="Demo" time="0.002"/>
  <system-out/>
  <testcase classname="TestNGKeywords.Keyword5_InvocationCount" name="Demo" time="0.013"/>
  <system-out/>
  <testcase classname="TestNGKeywords.Keyword5_InvocationCount" name="Demo" time="0.005"/>
  <system-out/>
  <testcase classname="TestNGKeywords.Keyword5_InvocationCount" name="Demo" time="0.003"/>
  <system-out/>
  <testcase classname="TestNGKeywords.Keyword5_InvocationCount" name="Demo" time="0.002"/>
  <system-out/>
  <testcase classname="TestNGKeywords.Keyword5_InvocationCount" name="Demo" time="0.003"/>
  <system-out/>
  <testcase classname="TestNGKeywords.Keyword5_InvocationCount" name="Demo" time="0.002"/>
  <system-out/>
  <testcase classname="TestNGKeywords.Keyword5_InvocationCount" name="Demo" time="0.002"/>
  <system-out/>
  <testcase classname="TestNGKeywords.Keyword5_InvocationCount" name="Forloop">
    <skipped/>
  </testcase> <!-- Forloop -->
  <system-out/>
  <testcase classname="TestNGKeywords.Keyword5_InvocationCount" name="Priting">
    <skipped/>
  </testcase> <!-- Priting -->
  <system-out/>
</testsuite> <!-- TestNGKeywords.Keyword5_InvocationCount -->
