<?xml version="1.0" encoding="UTF-8"?>
<!-- Generated by org.testng.reporters.JUnitReportReporter -->
<testsuite hostname="DESKTOP-Q6AMT1E" failures="0" tests="2" name="ParallelTesting.Test1" time="26.329" errors="0" timestamp="2023-01-06T22:26:03 IST" skipped="0">
  <testcase classname="ParallelTesting.Test1" name="Demo2" time="20.305"/>
  <system-out/>
  <testcase classname="ParallelTesting.Test1" name="Demo1" time="6.024"/>
  <system-out/>
</testsuite> <!-- ParallelTesting.Test1 -->
