<?xml version="1.0" encoding="UTF-8"?>
<!-- Generated by org.testng.reporters.JUnitReportReporter -->
<testsuite hostname="DESKTOP-Q6AMT1E" failures="0" tests="3" name="TestNGKeywords.Keyword2" time="35.012" errors="0" timestamp="2023-01-03T18:29:39 IST" skipped="1">
  <testcase classname="TestNGKeywords.Keyword2" name="Users" time="16.748"/>
  <system-out/>
  <testcase classname="TestNGKeywords.Keyword2" name="Text" time="18.264"/>
  <system-out/>
  <testcase classname="TestNGKeywords.Keyword2" name="Logo1">
    <skipped/>
  </testcase> <!-- Logo1 -->
  <system-out/>
</testsuite> <!-- TestNGKeywords.Keyword2 -->
