<?xml version="1.0" encoding="UTF-8"?>
<!-- Generated by org.testng.reporters.JUnitReportReporter -->
<testsuite hostname="DESKTOP-Q6AMT1E" failures="0" tests="4" name="Practice.Clss3" time="9.709" errors="0" timestamp="2023-01-09T17:25:46 IST" skipped="0">
  <testcase classname="Practice.Clss3" name="NopcommerceLogin" time="0.813"/>
  <system-out/>
  <testcase classname="Practice.Clss3" name="NopcommerceLogin" time="6.590"/>
  <system-out/>
  <testcase classname="Practice.Clss3" name="NopcommerceLogin" time="1.488"/>
  <system-out/>
  <testcase classname="Practice.Clss3" name="NopcommerceLogin" time="0.818"/>
  <system-out/>
</testsuite> <!-- Practice.Clss3 -->
