<?xml version="1.0" encoding="UTF-8"?>
<!-- Generated by org.testng.reporters.JUnitReportReporter -->
<testsuite hostname="DESKTOP-Q6AMT1E" failures="0" tests="12" name="TestNGKeywords.Keyword4_InvocationCount" time="0.036" errors="0" timestamp="2023-01-06T22:26:03 IST" skipped="2">
  <testcase classname="TestNGKeywords.Keyword4_InvocationCount" name="Demo" time="0.005"/>
  <system-out/>
  <testcase classname="TestNGKeywords.Keyword4_InvocationCount" name="Demo" time="0.000"/>
  <system-out/>
  <testcase classname="TestNGKeywords.Keyword4_InvocationCount" name="Demo" time="0.002"/>
  <system-out/>
  <testcase classname="TestNGKeywords.Keyword4_InvocationCount" name="Demo" time="0.003"/>
  <system-out/>
  <testcase classname="TestNGKeywords.Keyword4_InvocationCount" name="Demo" time="0.002"/>
  <system-out/>
  <testcase classname="TestNGKeywords.Keyword4_InvocationCount" name="Demo" time="0.012"/>
  <system-out/>
  <testcase classname="TestNGKeywords.Keyword4_InvocationCount" name="Demo" time="0.002"/>
  <system-out/>
  <testcase classname="TestNGKeywords.Keyword4_InvocationCount" name="Demo" time="0.002"/>
  <system-out/>
  <testcase classname="TestNGKeywords.Keyword4_InvocationCount" name="Demo" time="0.007"/>
  <system-out/>
  <testcase classname="TestNGKeywords.Keyword4_InvocationCount" name="Demo" time="0.001"/>
  <system-out/>
  <testcase classname="TestNGKeywords.Keyword4_InvocationCount" name="Forloop">
    <skipped/>
  </testcase> <!-- Forloop -->
  <system-out/>
  <testcase classname="TestNGKeywords.Keyword4_InvocationCount" name="Priting">
    <skipped/>
  </testcase> <!-- Priting -->
  <system-out/>
</testsuite> <!-- TestNGKeywords.Keyword4_InvocationCount -->
