<?xml version="1.0" encoding="UTF-8"?>
<!-- Generated by org.testng.reporters.JUnitReportReporter -->
<testsuite hostname="DESKTOP-Q6AMT1E" failures="0" tests="5" name="TestNGKeywords.Keyword3_Priority" time="36.612" errors="0" timestamp="2023-01-03T19:06:37 IST" skipped="1">
  <testcase classname="TestNGKeywords.Keyword3_Priority" name="Logo" time="7.392"/>
  <system-out/>
  <testcase classname="TestNGKeywords.Keyword3_Priority" name="Register" time="12.013"/>
  <system-out/>
  <testcase classname="TestNGKeywords.Keyword3_Priority" name="Login" time="8.048"/>
  <system-out/>
  <testcase classname="TestNGKeywords.Keyword3_Priority" name="Wishlist" time="9.159"/>
  <system-out/>
  <testcase classname="TestNGKeywords.Keyword3_Priority" name="Shoppingcart">
    <skipped/>
  </testcase> <!-- Shoppingcart -->
  <system-out/>
</testsuite> <!-- TestNGKeywords.Keyword3_Priority -->
