<?xml version="1.0" encoding="UTF-8"?>
<!-- Generated by org.testng.reporters.JUnitReportReporter -->
<testsuite hostname="DESKTOP-Q6AMT1E" failures="0" tests="4" name="Practice.Clss4" time="14.865" errors="0" timestamp="2023-01-13T11:36:36 IST" skipped="0">
  <testcase classname="Practice.Clss4" name="Testcase" time="3.102"/>
  <system-out/>
  <testcase classname="Practice.Clss4" name="Testcase" time="2.839"/>
  <system-out/>
  <testcase classname="Practice.Clss4" name="Testcase" time="3.688"/>
  <system-out/>
  <testcase classname="Practice.Clss4" name="Testcase" time="5.236"/>
  <system-out/>
</testsuite> <!-- Practice.Clss4 -->
