<?xml version="1.0" encoding="UTF-8"?>
<!-- Generated by org.testng.reporters.JUnitReportReporter -->
<testsuite hostname="DESKTOP-Q6AMT1E" failures="0" tests="3" name="TestNGKeywords.Keyword1_Enabled" time="138.590" errors="0" timestamp="2023-01-06T22:26:03 IST" skipped="1">
  <testcase classname="TestNGKeywords.Keyword1_Enabled" name="Text" time="88.562"/>
  <system-out/>
  <testcase classname="TestNGKeywords.Keyword1_Enabled" name="Users" time="50.028"/>
  <system-out/>
  <testcase classname="TestNGKeywords.Keyword1_Enabled" name="Logo1">
    <skipped/>
  </testcase> <!-- Logo1 -->
  <system-out/>
</testsuite> <!-- TestNGKeywords.Keyword1_Enabled -->
