<?xml version="1.0" encoding="UTF-8"?>
<!-- Generated by org.testng.reporters.JUnitReportReporter -->
<testsuite hostname="DESKTOP-Q6AMT1E" failures="0" tests="3" name="TestNGKeywords.TestAnntation" time="208.347" errors="0" timestamp="2023-01-06T22:26:03 IST" skipped="0">
  <testcase classname="TestNGKeywords.TestAnntation" name="Users" time="87.603"/>
  <system-out/>
  <testcase classname="TestNGKeywords.TestAnntation" name="Text" time="22.833"/>
  <system-out/>
  <testcase classname="TestNGKeywords.TestAnntation" name="Logo1" time="97.911"/>
  <system-out/>
</testsuite> <!-- TestNGKeywords.TestAnntation -->
