<?xml version="1.0" encoding="UTF-8"?>
<!-- Generated by org.testng.reporters.JUnitReportReporter -->
<testsuite hostname="DESKTOP-Q6AMT1E" failures="0" tests="3" name="TestNGKeywords.Keyword1" time="37.576" errors="0" timestamp="2023-01-03T18:14:41 IST" skipped="0">
  <testcase classname="TestNGKeywords.Keyword1" name="Users" time="11.011"/>
  <system-out/>
  <testcase classname="TestNGKeywords.Keyword1" name="Text" time="13.759"/>
  <system-out/>
  <testcase classname="TestNGKeywords.Keyword1" name="Logo1" time="12.806"/>
  <system-out/>
</testsuite> <!-- TestNGKeywords.Keyword1 -->
