<?xml version="1.0" encoding="UTF-8"?>
<!-- Generated by org.testng.reporters.JUnitReportReporter -->
<testsuite hostname="DESKTOP-Q6AMT1E" failures="0" tests="1" name="Parameterisation.ParameterisationThrowXML" time="10.456" errors="0" timestamp="2023-01-09T14:42:25 IST" skipped="0">
  <testcase classname="Parameterisation.ParameterisationThrowXML" name="Login" time="10.456"/>
  <system-out/>
</testsuite> <!-- Parameterisation.ParameterisationThrowXML -->
