<?xml version="1.0" encoding="UTF-8"?>
<!-- Generated by org.testng.reporters.JUnitReportReporter -->
<testsuite hostname="DESKTOP-Q6AMT1E" failures="0" tests="2" name="TestngAssersion.SoftAssertion" time="0.025" errors="0" timestamp="2023-01-06T22:26:03 IST" skipped="0">
  <testcase classname="TestngAssersion.SoftAssertion" name="Test2" time="0.010"/>
  <system-out/>
  <testcase classname="TestngAssersion.SoftAssertion" name="Test1" time="0.015"/>
  <system-out/>
</testsuite> <!-- TestngAssersion.SoftAssertion -->
