<?xml version="1.0" encoding="UTF-8"?>
<!-- Generated by org.testng.reporters.JUnitReportReporter -->
<testsuite hostname="DESKTOP-Q6AMT1E" failures="0" tests="4" name="Testng_DataProvider.DataProvider3" time="24.519" errors="0" timestamp="2023-01-10T15:09:59 IST" skipped="0">
  <testcase classname="Testng_DataProvider.DataProvider3" name="Login" time="3.823"/>
  <system-out/>
  <testcase classname="Testng_DataProvider.DataProvider3" name="Login" time="3.552"/>
  <system-out/>
  <testcase classname="Testng_DataProvider.DataProvider3" name="Login" time="10.311"/>
  <system-out/>
  <testcase classname="Testng_DataProvider.DataProvider3" name="Login" time="6.833"/>
  <system-out/>
</testsuite> <!-- Testng_DataProvider.DataProvider3 -->
