<?xml version="1.0" encoding="UTF-8"?>
<!-- Generated by org.testng.reporters.JUnitReportReporter -->
<testsuite hostname="DESKTOP-Q6AMT1E" failures="0" tests="7" name="TestNGKeywords.Keyword5_Groups" time="397.199" errors="0" timestamp="2023-01-06T22:26:03 IST" skipped="0">
  <testcase classname="TestNGKeywords.Keyword5_Groups" name="Url1" time="36.595"/>
  <system-out/>
  <testcase classname="TestNGKeywords.Keyword5_Groups" name="Companylogo" time="11.951"/>
  <system-out/>
  <testcase classname="TestNGKeywords.Keyword5_Groups" name="Logintext" time="72.696"/>
  <system-out/>
  <testcase classname="TestNGKeywords.Keyword5_Groups" name="Usersinput" time="97.700"/>
  <system-out/>
  <testcase classname="TestNGKeywords.Keyword5_Groups" name="Loginvalidation" time="48.794"/>
  <system-out/>
  <testcase classname="TestNGKeywords.Keyword5_Groups" name="Url2" time="89.106"/>
  <system-out/>
  <testcase classname="TestNGKeywords.Keyword5_Groups" name="Test1" time="40.357"/>
  <system-out/>
</testsuite> <!-- TestNGKeywords.Keyword5_Groups -->
