<?xml version="1.0" encoding="UTF-8"?>
<!-- Generated by org.testng.reporters.JUnitReportReporter -->
<testsuite hostname="DESKTOP-Q6AMT1E" failures="0" tests="3" name="TestNGAnnotation.Annotations" time="0.006" errors="0" timestamp="2023-01-06T22:26:03 IST" skipped="0">
  <testcase classname="TestNGAnnotation.Annotations" name="FacebookTitle" time="0.001"/>
  <system-out/>
  <testcase classname="TestNGAnnotation.Annotations" name="GoogleTitle" time="0.002"/>
  <system-out/>
  <testcase classname="TestNGAnnotation.Annotations" name="AmazonTitle" time="0.003"/>
  <system-out/>
</testsuite> <!-- TestNGAnnotation.Annotations -->
