<?xml version="1.0" encoding="UTF-8"?>
<!-- Generated by org.testng.reporters.JUnitReportReporter -->
<testsuite hostname="DESKTOP-Q6AMT1E" failures="0" tests="1" name="TestngAssersion.Assertion_Example" time="31.582" errors="0" timestamp="2023-01-05T17:59:03 IST" skipped="0">
  <testcase classname="TestngAssersion.Assertion_Example" name="OrangeHRM" time="31.582"/>
  <system-out/>
</testsuite> <!-- TestngAssersion.Assertion_Example -->
