<?xml version="1.0" encoding="UTF-8"?>
<!-- Generated by org.testng.reporters.JUnitReportReporter -->
<testsuite hostname="DESKTOP-Q6AMT1E" failures="0" tests="2" name="TestNGKeywords.Keyword6_Timeout" time="0.007" errors="0" timestamp="2023-01-06T22:26:03 IST" skipped="1">
  <testcase classname="TestNGKeywords.Keyword6_Timeout" name="loop" time="0.007"/>
  <system-out/>
  <testcase classname="TestNGKeywords.Keyword6_Timeout" name="InfiniteForLoop">
    <skipped/>
  </testcase> <!-- InfiniteForLoop -->
  <system-out/>
</testsuite> <!-- TestNGKeywords.Keyword6_Timeout -->
