<?xml version="1.0" encoding="UTF-8"?>
<!-- Generated by org.testng.reporters.JUnitReportReporter -->
<testsuite hostname="DESKTOP-Q6AMT1E" failures="0" tests="2" name="TestNGKeywords.IncludeExcludeTestCase" time="152.376" errors="0" timestamp="2023-01-09T16:42:57 IST" skipped="0">
  <testcase classname="TestNGKeywords.IncludeExcludeTestCase" name="HomePage" time="117.816"/>
  <system-out/>
  <testcase classname="TestNGKeywords.IncludeExcludeTestCase" name="SetUp" time="34.560"/>
  <system-out/>
</testsuite> <!-- TestNGKeywords.IncludeExcludeTestCase -->
